The target system is: Android - 1 - aarch64
The host system is: Linux - 4.15.0-42-generic - x86_64
Determining if the C compiler works passed with the following output:
Change Dir: /home/vinayak/AndroidStudioProjects/InstituteAdmin/app/.externalNativeBuild/cmake/debug/arm64-v8a/CMakeFiles/CMakeTmp

Run Build Command:"/home/vinayak/Android/Sdk/cmake/3.10.2.4988404/bin/ninja" "cmTC_958e5"
[1/2] Building C object CMakeFiles/cmTC_958e5.dir/testCCompiler.c.o
[2/2] Linking C executable cmTC_958e5


Detecting C compiler ABI info compiled with the following output:
Change Dir: /home/vinayak/AndroidStudioProjects/InstituteAdmin/app/.externalNativeBuild/cmake/debug/arm64-v8a/CMakeFiles/CMakeTmp

Run Build Command:"/home/vinayak/Android/Sdk/cmake/3.10.2.4988404/bin/ninja" "cmTC_ea41a"
[1/2] Building C object CMakeFiles/cmTC_ea41a.dir/CMakeCCompilerABI.c.o
[2/2] Linking C executable cmTC_ea41a
Android (4751641 based on r328903) clang version 7.0.2 (https://android.googlesource.com/toolchain/clang 003100370607242ddd5815e4a043907ea9004281) (https://android.googlesource.com/toolchain/llvm 1d739ffb0366421d383e04ff80ec2ee591315116) (based on LLVM 7.0.2svn)
Target: aarch64-none-linux-android23
Thread model: posix
InstalledDir: /home/vinayak/Android/Sdk/ndk-bundle/toolchains/llvm/prebuilt/linux-x86_64/bin
Found candidate GCC installation: /home/vinayak/Android/Sdk/ndk-bundle/toolchains/aarch64-linux-android-4.9/prebuilt/linux-x86_64/lib/gcc/aarch64-linux-android/4.9.x
Selected GCC installation: /home/vinayak/Android/Sdk/ndk-bundle/toolchains/aarch64-linux-android-4.9/prebuilt/linux-x86_64/lib/gcc/aarch64-linux-android/4.9.x
Candidate multilib: .;@m64
Selected multilib: .;@m64
 "/home/vinayak/Android/Sdk/ndk-bundle/toolchains/aarch64-linux-android-4.9/prebuilt/linux-x86_64/lib/gcc/aarch64-linux-android/4.9.x/../../../../aarch64-linux-android/bin/ld" --sysroot=/home/vinayak/Android/Sdk/ndk-bundle/platforms/android-23/arch-arm64 -pie --fix-cortex-a53-843419 -z relro --enable-new-dtags --eh-frame-hdr -m aarch64linux -dynamic-linker /system/bin/linker64 -o cmTC_ea41a /home/vinayak/Android/Sdk/ndk-bundle/platforms/android-23/arch-arm64/usr/lib/crtbegin_dynamic.o -L/home/vinayak/Android/Sdk/ndk-bundle/sources/cxx-stl/llvm-libc++/libs/arm64-v8a -L/home/vinayak/Android/Sdk/ndk-bundle/toolchains/llvm/prebuilt/linux-x86_64/lib64/clang/7.0.2/lib/linux/aarch64 -L/home/vinayak/Android/Sdk/ndk-bundle/toolchains/aarch64-linux-android-4.9/prebuilt/linux-x86_64/lib/gcc/aarch64-linux-android/4.9.x -L/home/vinayak/Android/Sdk/ndk-bundle/toolchains/aarch64-linux-android-4.9/prebuilt/linux-x86_64/lib/gcc/aarch64-linux-android/4.9.x/../../../../aarch64-linux-android/lib/../lib64 -L/home/vinayak/Android/Sdk/ndk-bundle/toolchains/aarch64-linux-android-4.9/prebuilt/linux-x86_64/lib/gcc/aarch64-linux-android/4.9.x/../../../../aarch64-linux-android/lib -L/home/vinayak/Android/Sdk/ndk-bundle/platforms/android-23/arch-arm64/usr/lib --exclude-libs libgcc.a --exclude-libs libatomic.a --build-id --warn-shared-textrel --fatal-warnings --no-undefined -z noexecstack -z relro -z now --gc-sections -z nocopyreloc CMakeFiles/cmTC_ea41a.dir/CMakeCCompilerABI.c.o -lgcc -ldl -lc -lgcc -ldl /home/vinayak/Android/Sdk/ndk-bundle/platforms/android-23/arch-arm64/usr/lib/crtend_android.o


Parsed C implicit link information from above output:
  link line regex: [^( *|.*[/\])(aarch64-linux-android-ld|CMAKE_LINK_STARTFILE-NOTFOUND|([^/\]+-)?ld|collect2)[^/\]*( |$)]
  ignore line: [Change Dir: /home/vinayak/AndroidStudioProjects/InstituteAdmin/app/.externalNativeBuild/cmake/debug/arm64-v8a/CMakeFiles/CMakeTmp]
  ignore line: []
  ignore line: [Run Build Command:"/home/vinayak/Android/Sdk/cmake/3.10.2.4988404/bin/ninja" "cmTC_ea41a"]
  ignore line: [[1/2] Building C object CMakeFiles/cmTC_ea41a.dir/CMakeCCompilerABI.c.o]
  ignore line: [[2/2] Linking C executable cmTC_ea41a]
  ignore line: [Android (4751641 based on r328903) clang version 7.0.2 (https://android.googlesource.com/toolchain/clang 003100370607242ddd5815e4a043907ea9004281) (https://android.googlesource.com/toolchain/llvm 1d739ffb0366421d383e04ff80ec2ee591315116) (based on LLVM 7.0.2svn)]
  ignore line: [Target: aarch64-none-linux-android23]
  ignore line: [Thread model: posix]
  ignore line: [InstalledDir: /home/vinayak/Android/Sdk/ndk-bundle/toolchains/llvm/prebuilt/linux-x86_64/bin]
  ignore line: [Found candidate GCC installation: /home/vinayak/Android/Sdk/ndk-bundle/toolchains/aarch64-linux-android-4.9/prebuilt/linux-x86_64/lib/gcc/aarch64-linux-android/4.9.x]
  ignore line: [Selected GCC installation: /home/vinayak/Android/Sdk/ndk-bundle/toolchains/aarch64-linux-android-4.9/prebuilt/linux-x86_64/lib/gcc/aarch64-linux-android/4.9.x]
  ignore line: [Candidate multilib: .]
  ignore line: [@m64]
  ignore line: [Selected multilib: .]
  ignore line: [@m64]
  link line: [ "/home/vinayak/Android/Sdk/ndk-bundle/toolchains/aarch64-linux-android-4.9/prebuilt/linux-x86_64/lib/gcc/aarch64-linux-android/4.9.x/../../../../aarch64-linux-android/bin/ld" --sysroot=/home/vinayak/Android/Sdk/ndk-bundle/platforms/android-23/arch-arm64 -pie --fix-cortex-a53-843419 -z relro --enable-new-dtags --eh-frame-hdr -m aarch64linux -dynamic-linker /system/bin/linker64 -o cmTC_ea41a /home/vinayak/Android/Sdk/ndk-bundle/platforms/android-23/arch-arm64/usr/lib/crtbegin_dynamic.o -L/home/vinayak/Android/Sdk/ndk-bundle/sources/cxx-stl/llvm-libc++/libs/arm64-v8a -L/home/vinayak/Android/Sdk/ndk-bundle/toolchains/llvm/prebuilt/linux-x86_64/lib64/clang/7.0.2/lib/linux/aarch64 -L/home/vinayak/Android/Sdk/ndk-bundle/toolchains/aarch64-linux-android-4.9/prebuilt/linux-x86_64/lib/gcc/aarch64-linux-android/4.9.x -L/home/vinayak/Android/Sdk/ndk-bundle/toolchains/aarch64-linux-android-4.9/prebuilt/linux-x86_64/lib/gcc/aarch64-linux-android/4.9.x/../../../../aarch64-linux-android/lib/../lib64 -L/home/vinayak/Android/Sdk/ndk-bundle/toolchains/aarch64-linux-android-4.9/prebuilt/linux-x86_64/lib/gcc/aarch64-linux-android/4.9.x/../../../../aarch64-linux-android/lib -L/home/vinayak/Android/Sdk/ndk-bundle/platforms/android-23/arch-arm64/usr/lib --exclude-libs libgcc.a --exclude-libs libatomic.a --build-id --warn-shared-textrel --fatal-warnings --no-undefined -z noexecstack -z relro -z now --gc-sections -z nocopyreloc CMakeFiles/cmTC_ea41a.dir/CMakeCCompilerABI.c.o -lgcc -ldl -lc -lgcc -ldl /home/vinayak/Android/Sdk/ndk-bundle/platforms/android-23/arch-arm64/usr/lib/crtend_android.o]
    arg [/home/vinayak/Android/Sdk/ndk-bundle/toolchains/aarch64-linux-android-4.9/prebuilt/linux-x86_64/lib/gcc/aarch64-linux-android/4.9.x/../../../../aarch64-linux-android/bin/ld] ==> ignore
    arg [--sysroot=/home/vinayak/Android/Sdk/ndk-bundle/platforms/android-23/arch-arm64] ==> ignore
    arg [-pie] ==> ignore
    arg [--fix-cortex-a53-843419] ==> ignore
    arg [-zrelro] ==> ignore
    arg [--enable-new-dtags] ==> ignore
    arg [--eh-frame-hdr] ==> ignore
    arg [-m] ==> ignore
    arg [aarch64linux] ==> ignore
    arg [-dynamic-linker] ==> ignore
    arg [/system/bin/linker64] ==> ignore
    arg [-o] ==> ignore
    arg [cmTC_ea41a] ==> ignore
    arg [/home/vinayak/Android/Sdk/ndk-bundle/platforms/android-23/arch-arm64/usr/lib/crtbegin_dynamic.o] ==> ignore
    arg [-L/home/vinayak/Android/Sdk/ndk-bundle/sources/cxx-stl/llvm-libc++/libs/arm64-v8a] ==> dir [/home/vinayak/Android/Sdk/ndk-bundle/sources/cxx-stl/llvm-libc++/libs/arm64-v8a]
    arg [-L/home/vinayak/Android/Sdk/ndk-bundle/toolchains/llvm/prebuilt/linux-x86_64/lib64/clang/7.0.2/lib/linux/aarch64] ==> dir [/home/vinayak/Android/Sdk/ndk-bundle/toolchains/llvm/prebuilt/linux-x86_64/lib64/clang/7.0.2/lib/linux/aarch64]
    arg [-L/home/vinayak/Android/Sdk/ndk-bundle/toolchains/aarch64-linux-android-4.9/prebuilt/linux-x86_64/lib/gcc/aarch64-linux-android/4.9.x] ==> dir [/home/vinayak/Android/Sdk/ndk-bundle/toolchains/aarch64-linux-android-4.9/prebuilt/linux-x86_64/lib/gcc/aarch64-linux-android/4.9.x]
    arg [-L/home/vinayak/Android/Sdk/ndk-bundle/toolchains/aarch64-linux-android-4.9/prebuilt/linux-x86_64/lib/gcc/aarch64-linux-android/4.9.x/../../../../aarch64-linux-android/lib/../lib64] ==> dir [/home/vinayak/Android/Sdk/ndk-bundle/toolchains/aarch64-linux-android-4.9/prebuilt/linux-x86_64/lib/gcc/aarch64-linux-android/4.9.x/../../../../aarch64-linux-android/lib/../lib64]
    arg [-L/home/vinayak/Android/Sdk/ndk-bundle/toolchains/aarch64-linux-android-4.9/prebuilt/linux-x86_64/lib/gcc/aarch64-linux-android/4.9.x/../../../../aarch64-linux-android/lib] ==> dir [/home/vinayak/Android/Sdk/ndk-bundle/toolchains/aarch64-linux-android-4.9/prebuilt/linux-x86_64/lib/gcc/aarch64-linux-android/4.9.x/../../../../aarch64-linux-android/lib]
    arg [-L/home/vinayak/Android/Sdk/ndk-bundle/platforms/android-23/arch-arm64/usr/lib] ==> dir [/home/vinayak/Android/Sdk/ndk-bundle/platforms/android-23/arch-arm64/usr/lib]
    arg [--exclude-libs] ==> ignore
    arg [libgcc.a] ==> ignore
    arg [--exclude-libs] ==> ignore
    arg [libatomic.a] ==> ignore
    arg [--build-id] ==> ignore
    arg [--warn-shared-textrel] ==> ignore
    arg [--fatal-warnings] ==> ignore
    arg [--no-undefined] ==> ignore
    arg [-znoexecstack] ==> ignore
    arg [-zrelro] ==> ignore
    arg [-znow] ==> ignore
    arg [--gc-sections] ==> ignore
    arg [-znocopyreloc] ==> ignore
    arg [CMakeFiles/cmTC_ea41a.dir/CMakeCCompilerABI.c.o] ==> ignore
    arg [-lgcc] ==> lib [gcc]
    arg [-ldl] ==> lib [dl]
    arg [-lc] ==> lib [c]
    arg [-lgcc] ==> lib [gcc]
    arg [-ldl] ==> lib [dl]
    arg [/home/vinayak/Android/Sdk/ndk-bundle/platforms/android-23/arch-arm64/usr/lib/crtend_android.o] ==> ignore
  collapse library dir [/home/vinayak/Android/Sdk/ndk-bundle/sources/cxx-stl/llvm-libc++/libs/arm64-v8a] ==> [/home/vinayak/Android/Sdk/ndk-bundle/sources/cxx-stl/llvm-libc++/libs/arm64-v8a]
  collapse library dir [/home/vinayak/Android/Sdk/ndk-bundle/toolchains/llvm/prebuilt/linux-x86_64/lib64/clang/7.0.2/lib/linux/aarch64] ==> [/home/vinayak/Android/Sdk/ndk-bundle/toolchains/llvm/prebuilt/linux-x86_64/lib64/clang/7.0.2/lib/linux/aarch64]
  collapse library dir [/home/vinayak/Android/Sdk/ndk-bundle/toolchains/aarch64-linux-android-4.9/prebuilt/linux-x86_64/lib/gcc/aarch64-linux-android/4.9.x] ==> [/home/vinayak/Android/Sdk/ndk-bundle/toolchains/aarch64-linux-android-4.9/prebuilt/linux-x86_64/lib/gcc/aarch64-linux-android/4.9.x]
  collapse library dir [/home/vinayak/Android/Sdk/ndk-bundle/toolchains/aarch64-linux-android-4.9/prebuilt/linux-x86_64/lib/gcc/aarch64-linux-android/4.9.x/../../../../aarch64-linux-android/lib/../lib64] ==> [/home/vinayak/Android/Sdk/ndk-bundle/toolchains/aarch64-linux-android-4.9/prebuilt/linux-x86_64/aarch64-linux-android/lib64]
  collapse library dir [/home/vinayak/Android/Sdk/ndk-bundle/toolchains/aarch64-linux-android-4.9/prebuilt/linux-x86_64/lib/gcc/aarch64-linux-android/4.9.x/../../../../aarch64-linux-android/lib] ==> [/home/vinayak/Android/Sdk/ndk-bundle/toolchains/aarch64-linux-android-4.9/prebuilt/linux-x86_64/aarch64-linux-android/lib]
  collapse library dir [/home/vinayak/Android/Sdk/ndk-bundle/platforms/android-23/arch-arm64/usr/lib] ==> [/home/vinayak/Android/Sdk/ndk-bundle/platforms/android-23/arch-arm64/usr/lib]
  implicit libs: [gcc;dl;c;gcc;dl]
  implicit dirs: [/home/vinayak/Android/Sdk/ndk-bundle/sources/cxx-stl/llvm-libc++/libs/arm64-v8a;/home/vinayak/Android/Sdk/ndk-bundle/toolchains/llvm/prebuilt/linux-x86_64/lib64/clang/7.0.2/lib/linux/aarch64;/home/vinayak/Android/Sdk/ndk-bundle/toolchains/aarch64-linux-android-4.9/prebuilt/linux-x86_64/lib/gcc/aarch64-linux-android/4.9.x;/home/vinayak/Android/Sdk/ndk-bundle/toolchains/aarch64-linux-android-4.9/prebuilt/linux-x86_64/aarch64-linux-android/lib64;/home/vinayak/Android/Sdk/ndk-bundle/toolchains/aarch64-linux-android-4.9/prebuilt/linux-x86_64/aarch64-linux-android/lib;/home/vinayak/Android/Sdk/ndk-bundle/platforms/android-23/arch-arm64/usr/lib]
  implicit fwks: []




Detecting C [-std=c11] compiler features compiled with the following output:
Change Dir: /home/vinayak/AndroidStudioProjects/InstituteAdmin/app/.externalNativeBuild/cmake/debug/arm64-v8a/CMakeFiles/CMakeTmp

Run Build Command:"/home/vinayak/Android/Sdk/cmake/3.10.2.4988404/bin/ninja" "cmTC_97183"
[1/2] Building C object CMakeFiles/cmTC_97183.dir/feature_tests.c.o
[2/2] Linking C executable cmTC_97183


    Feature record: C_FEATURE:1c_function_prototypes
    Feature record: C_FEATURE:1c_restrict
    Feature record: C_FEATURE:1c_static_assert
    Feature record: C_FEATURE:1c_variadic_macros


Detecting C [-std=c99] compiler features compiled with the following output:
Change Dir: /home/vinayak/AndroidStudioProjects/InstituteAdmin/app/.externalNativeBuild/cmake/debug/arm64-v8a/CMakeFiles/CMakeTmp

Run Build Command:"/home/vinayak/Android/Sdk/cmake/3.10.2.4988404/bin/ninja" "cmTC_6f102"
[1/2] Building C object CMakeFiles/cmTC_6f102.dir/feature_tests.c.o
[2/2] Linking C executable cmTC_6f102


    Feature record: C_FEATURE:1c_function_prototypes
    Feature record: C_FEATURE:1c_restrict
    Feature record: C_FEATURE:0c_static_assert
    Feature record: C_FEATURE:1c_variadic_macros


Detecting C [-std=c90] compiler features compiled with the following output:
Change Dir: /home/vinayak/AndroidStudioProjects/InstituteAdmin/app/.externalNativeBuild/cmake/debug/arm64-v8a/CMakeFiles/CMakeTmp

Run Build Command:"/home/vinayak/Android/Sdk/cmake/3.10.2.4988404/bin/ninja" "cmTC_dba9b"
[1/2] Building C object CMakeFiles/cmTC_dba9b.dir/feature_tests.c.o
[2/2] Linking C executable cmTC_dba9b


    Feature record: C_FEATURE:1c_function_prototypes
    Feature record: C_FEATURE:0c_restrict
    Feature record: C_FEATURE:0c_static_assert
    Feature record: C_FEATURE:0c_variadic_macros
Determining if the CXX compiler works passed with the following output:
Change Dir: /home/vinayak/AndroidStudioProjects/InstituteAdmin/app/.externalNativeBuild/cmake/debug/arm64-v8a/CMakeFiles/CMakeTmp

Run Build Command:"/home/vinayak/Android/Sdk/cmake/3.10.2.4988404/bin/ninja" "cmTC_586bc"
[1/2] Building CXX object CMakeFiles/cmTC_586bc.dir/testCXXCompiler.cxx.o
[2/2] Linking CXX executable cmTC_586bc


Detecting CXX compiler ABI info compiled with the following output:
Change Dir: /home/vinayak/AndroidStudioProjects/InstituteAdmin/app/.externalNativeBuild/cmake/debug/arm64-v8a/CMakeFiles/CMakeTmp

Run Build Command:"/home/vinayak/Android/Sdk/cmake/3.10.2.4988404/bin/ninja" "cmTC_1f7bc"
[1/2] Building CXX object CMakeFiles/cmTC_1f7bc.dir/CMakeCXXCompilerABI.cpp.o
[2/2] Linking CXX executable cmTC_1f7bc
Android (4751641 based on r328903) clang version 7.0.2 (https://android.googlesource.com/toolchain/clang 003100370607242ddd5815e4a043907ea9004281) (https://android.googlesource.com/toolchain/llvm 1d739ffb0366421d383e04ff80ec2ee591315116) (based on LLVM 7.0.2svn)
Target: aarch64-none-linux-android23
Thread model: posix
InstalledDir: /home/vinayak/Android/Sdk/ndk-bundle/toolchains/llvm/prebuilt/linux-x86_64/bin
Found candidate GCC installation: /home/vinayak/Android/Sdk/ndk-bundle/toolchains/aarch64-linux-android-4.9/prebuilt/linux-x86_64/lib/gcc/aarch64-linux-android/4.9.x
Selected GCC installation: /home/vinayak/Android/Sdk/ndk-bundle/toolchains/aarch64-linux-android-4.9/prebuilt/linux-x86_64/lib/gcc/aarch64-linux-android/4.9.x
Candidate multilib: .;@m64
Selected multilib: .;@m64
 "/home/vinayak/Android/Sdk/ndk-bundle/toolchains/aarch64-linux-android-4.9/prebuilt/linux-x86_64/lib/gcc/aarch64-linux-android/4.9.x/../../../../aarch64-linux-android/bin/ld" --sysroot=/home/vinayak/Android/Sdk/ndk-bundle/platforms/android-23/arch-arm64 -pie --fix-cortex-a53-843419 -z relro --enable-new-dtags --eh-frame-hdr -m aarch64linux -dynamic-linker /system/bin/linker64 -o cmTC_1f7bc /home/vinayak/Android/Sdk/ndk-bundle/platforms/android-23/arch-arm64/usr/lib/crtbegin_dynamic.o -L/home/vinayak/Android/Sdk/ndk-bundle/sources/cxx-stl/llvm-libc++/libs/arm64-v8a -L/home/vinayak/Android/Sdk/ndk-bundle/toolchains/llvm/prebuilt/linux-x86_64/lib64/clang/7.0.2/lib/linux/aarch64 -L/home/vinayak/Android/Sdk/ndk-bundle/toolchains/aarch64-linux-android-4.9/prebuilt/linux-x86_64/lib/gcc/aarch64-linux-android/4.9.x -L/home/vinayak/Android/Sdk/ndk-bundle/toolchains/aarch64-linux-android-4.9/prebuilt/linux-x86_64/lib/gcc/aarch64-linux-android/4.9.x/../../../../aarch64-linux-android/lib/../lib64 -L/home/vinayak/Android/Sdk/ndk-bundle/toolchains/aarch64-linux-android-4.9/prebuilt/linux-x86_64/lib/gcc/aarch64-linux-android/4.9.x/../../../../aarch64-linux-android/lib -L/home/vinayak/Android/Sdk/ndk-bundle/platforms/android-23/arch-arm64/usr/lib --exclude-libs libgcc.a --exclude-libs libatomic.a --build-id --warn-shared-textrel --fatal-warnings --no-undefined -z noexecstack -z relro -z now --gc-sections -z nocopyreloc CMakeFiles/cmTC_1f7bc.dir/CMakeCXXCompilerABI.cpp.o -lm -lgcc -lgcc -ldl -lc -lgcc -lgcc -ldl /home/vinayak/Android/Sdk/ndk-bundle/platforms/android-23/arch-arm64/usr/lib/crtend_android.o


Parsed CXX implicit link information from above output:
  link line regex: [^( *|.*[/\])(aarch64-linux-android-ld|CMAKE_LINK_STARTFILE-NOTFOUND|([^/\]+-)?ld|collect2)[^/\]*( |$)]
  ignore line: [Change Dir: /home/vinayak/AndroidStudioProjects/InstituteAdmin/app/.externalNativeBuild/cmake/debug/arm64-v8a/CMakeFiles/CMakeTmp]
  ignore line: []
  ignore line: [Run Build Command:"/home/vinayak/Android/Sdk/cmake/3.10.2.4988404/bin/ninja" "cmTC_1f7bc"]
  ignore line: [[1/2] Building CXX object CMakeFiles/cmTC_1f7bc.dir/CMakeCXXCompilerABI.cpp.o]
  ignore line: [[2/2] Linking CXX executable cmTC_1f7bc]
  ignore line: [Android (4751641 based on r328903) clang version 7.0.2 (https://android.googlesource.com/toolchain/clang 003100370607242ddd5815e4a043907ea9004281) (https://android.googlesource.com/toolchain/llvm 1d739ffb0366421d383e04ff80ec2ee591315116) (based on LLVM 7.0.2svn)]
  ignore line: [Target: aarch64-none-linux-android23]
  ignore line: [Thread model: posix]
  ignore line: [InstalledDir: /home/vinayak/Android/Sdk/ndk-bundle/toolchains/llvm/prebuilt/linux-x86_64/bin]
  ignore line: [Found candidate GCC installation: /home/vinayak/Android/Sdk/ndk-bundle/toolchains/aarch64-linux-android-4.9/prebuilt/linux-x86_64/lib/gcc/aarch64-linux-android/4.9.x]
  ignore line: [Selected GCC installation: /home/vinayak/Android/Sdk/ndk-bundle/toolchains/aarch64-linux-android-4.9/prebuilt/linux-x86_64/lib/gcc/aarch64-linux-android/4.9.x]
  ignore line: [Candidate multilib: .]
  ignore line: [@m64]
  ignore line: [Selected multilib: .]
  ignore line: [@m64]
  link line: [ "/home/vinayak/Android/Sdk/ndk-bundle/toolchains/aarch64-linux-android-4.9/prebuilt/linux-x86_64/lib/gcc/aarch64-linux-android/4.9.x/../../../../aarch64-linux-android/bin/ld" --sysroot=/home/vinayak/Android/Sdk/ndk-bundle/platforms/android-23/arch-arm64 -pie --fix-cortex-a53-843419 -z relro --enable-new-dtags --eh-frame-hdr -m aarch64linux -dynamic-linker /system/bin/linker64 -o cmTC_1f7bc /home/vinayak/Android/Sdk/ndk-bundle/platforms/android-23/arch-arm64/usr/lib/crtbegin_dynamic.o -L/home/vinayak/Android/Sdk/ndk-bundle/sources/cxx-stl/llvm-libc++/libs/arm64-v8a -L/home/vinayak/Android/Sdk/ndk-bundle/toolchains/llvm/prebuilt/linux-x86_64/lib64/clang/7.0.2/lib/linux/aarch64 -L/home/vinayak/Android/Sdk/ndk-bundle/toolchains/aarch64-linux-android-4.9/prebuilt/linux-x86_64/lib/gcc/aarch64-linux-android/4.9.x -L/home/vinayak/Android/Sdk/ndk-bundle/toolchains/aarch64-linux-android-4.9/prebuilt/linux-x86_64/lib/gcc/aarch64-linux-android/4.9.x/../../../../aarch64-linux-android/lib/../lib64 -L/home/vinayak/Android/Sdk/ndk-bundle/toolchains/aarch64-linux-android-4.9/prebuilt/linux-x86_64/lib/gcc/aarch64-linux-android/4.9.x/../../../../aarch64-linux-android/lib -L/home/vinayak/Android/Sdk/ndk-bundle/platforms/android-23/arch-arm64/usr/lib --exclude-libs libgcc.a --exclude-libs libatomic.a --build-id --warn-shared-textrel --fatal-warnings --no-undefined -z noexecstack -z relro -z now --gc-sections -z nocopyreloc CMakeFiles/cmTC_1f7bc.dir/CMakeCXXCompilerABI.cpp.o -lm -lgcc -lgcc -ldl -lc -lgcc -lgcc -ldl /home/vinayak/Android/Sdk/ndk-bundle/platforms/android-23/arch-arm64/usr/lib/crtend_android.o]
    arg [/home/vinayak/Android/Sdk/ndk-bundle/toolchains/aarch64-linux-android-4.9/prebuilt/linux-x86_64/lib/gcc/aarch64-linux-android/4.9.x/../../../../aarch64-linux-android/bin/ld] ==> ignore
    arg [--sysroot=/home/vinayak/Android/Sdk/ndk-bundle/platforms/android-23/arch-arm64] ==> ignore
    arg [-pie] ==> ignore
    arg [--fix-cortex-a53-843419] ==> ignore
    arg [-zrelro] ==> ignore
    arg [--enable-new-dtags] ==> ignore
    arg [--eh-frame-hdr] ==> ignore
    arg [-m] ==> ignore
    arg [aarch64linux] ==> ignore
    arg [-dynamic-linker] ==> ignore
    arg [/system/bin/linker64] ==> ignore
    arg [-o] ==> ignore
    arg [cmTC_1f7bc] ==> ignore
    arg [/home/vinayak/Android/Sdk/ndk-bundle/platforms/android-23/arch-arm64/usr/lib/crtbegin_dynamic.o] ==> ignore
    arg [-L/home/vinayak/Android/Sdk/ndk-bundle/sources/cxx-stl/llvm-libc++/libs/arm64-v8a] ==> dir [/home/vinayak/Android/Sdk/ndk-bundle/sources/cxx-stl/llvm-libc++/libs/arm64-v8a]
    arg [-L/home/vinayak/Android/Sdk/ndk-bundle/toolchains/llvm/prebuilt/linux-x86_64/lib64/clang/7.0.2/lib/linux/aarch64] ==> dir [/home/vinayak/Android/Sdk/ndk-bundle/toolchains/llvm/prebuilt/linux-x86_64/lib64/clang/7.0.2/lib/linux/aarch64]
    arg [-L/home/vinayak/Android/Sdk/ndk-bundle/toolchains/aarch64-linux-android-4.9/prebuilt/linux-x86_64/lib/gcc/aarch64-linux-android/4.9.x] ==> dir [/home/vinayak/Android/Sdk/ndk-bundle/toolchains/aarch64-linux-android-4.9/prebuilt/linux-x86_64/lib/gcc/aarch64-linux-android/4.9.x]
    arg [-L/home/vinayak/Android/Sdk/ndk-bundle/toolchains/aarch64-linux-android-4.9/prebuilt/linux-x86_64/lib/gcc/aarch64-linux-android/4.9.x/../../../../aarch64-linux-android/lib/../lib64] ==> dir [/home/vinayak/Android/Sdk/ndk-bundle/toolchains/aarch64-linux-android-4.9/prebuilt/linux-x86_64/lib/gcc/aarch64-linux-android/4.9.x/../../../../aarch64-linux-android/lib/../lib64]
    arg [-L/home/vinayak/Android/Sdk/ndk-bundle/toolchains/aarch64-linux-android-4.9/prebuilt/linux-x86_64/lib/gcc/aarch64-linux-android/4.9.x/../../../../aarch64-linux-android/lib] ==> dir [/home/vinayak/Android/Sdk/ndk-bundle/toolchains/aarch64-linux-android-4.9/prebuilt/linux-x86_64/lib/gcc/aarch64-linux-android/4.9.x/../../../../aarch64-linux-android/lib]
    arg [-L/home/vinayak/Android/Sdk/ndk-bundle/platforms/android-23/arch-arm64/usr/lib] ==> dir [/home/vinayak/Android/Sdk/ndk-bundle/platforms/android-23/arch-arm64/usr/lib]
    arg [--exclude-libs] ==> ignore
    arg [libgcc.a] ==> ignore
    arg [--exclude-libs] ==> ignore
    arg [libatomic.a] ==> ignore
    arg [--build-id] ==> ignore
    arg [--warn-shared-textrel] ==> ignore
    arg [--fatal-warnings] ==> ignore
    arg [--no-undefined] ==> ignore
    arg [-znoexecstack] ==> ignore
    arg [-zrelro] ==> ignore
    arg [-znow] ==> ignore
    arg [--gc-sections] ==> ignore
    arg [-znocopyreloc] ==> ignore
    arg [CMakeFiles/cmTC_1f7bc.dir/CMakeCXXCompilerABI.cpp.o] ==> ignore
    arg [-lm] ==> lib [m]
    arg [-lgcc] ==> lib [gcc]
    arg [-lgcc] ==> lib [gcc]
    arg [-ldl] ==> lib [dl]
    arg [-lc] ==> lib [c]
    arg [-lgcc] ==> lib [gcc]
    arg [-lgcc] ==> lib [gcc]
    arg [-ldl] ==> lib [dl]
    arg [/home/vinayak/Android/Sdk/ndk-bundle/platforms/android-23/arch-arm64/usr/lib/crtend_android.o] ==> ignore
  collapse library dir [/home/vinayak/Android/Sdk/ndk-bundle/sources/cxx-stl/llvm-libc++/libs/arm64-v8a] ==> [/home/vinayak/Android/Sdk/ndk-bundle/sources/cxx-stl/llvm-libc++/libs/arm64-v8a]
  collapse library dir [/home/vinayak/Android/Sdk/ndk-bundle/toolchains/llvm/prebuilt/linux-x86_64/lib64/clang/7.0.2/lib/linux/aarch64] ==> [/home/vinayak/Android/Sdk/ndk-bundle/toolchains/llvm/prebuilt/linux-x86_64/lib64/clang/7.0.2/lib/linux/aarch64]
  collapse library dir [/home/vinayak/Android/Sdk/ndk-bundle/toolchains/aarch64-linux-android-4.9/prebuilt/linux-x86_64/lib/gcc/aarch64-linux-android/4.9.x] ==> [/home/vinayak/Android/Sdk/ndk-bundle/toolchains/aarch64-linux-android-4.9/prebuilt/linux-x86_64/lib/gcc/aarch64-linux-android/4.9.x]
  collapse library dir [/home/vinayak/Android/Sdk/ndk-bundle/toolchains/aarch64-linux-android-4.9/prebuilt/linux-x86_64/lib/gcc/aarch64-linux-android/4.9.x/../../../../aarch64-linux-android/lib/../lib64] ==> [/home/vinayak/Android/Sdk/ndk-bundle/toolchains/aarch64-linux-android-4.9/prebuilt/linux-x86_64/aarch64-linux-android/lib64]
  collapse library dir [/home/vinayak/Android/Sdk/ndk-bundle/toolchains/aarch64-linux-android-4.9/prebuilt/linux-x86_64/lib/gcc/aarch64-linux-android/4.9.x/../../../../aarch64-linux-android/lib] ==> [/home/vinayak/Android/Sdk/ndk-bundle/toolchains/aarch64-linux-android-4.9/prebuilt/linux-x86_64/aarch64-linux-android/lib]
  collapse library dir [/home/vinayak/Android/Sdk/ndk-bundle/platforms/android-23/arch-arm64/usr/lib] ==> [/home/vinayak/Android/Sdk/ndk-bundle/platforms/android-23/arch-arm64/usr/lib]
  implicit libs: [m;gcc;gcc;dl;c;gcc;gcc;dl]
  implicit dirs: [/home/vinayak/Android/Sdk/ndk-bundle/sources/cxx-stl/llvm-libc++/libs/arm64-v8a;/home/vinayak/Android/Sdk/ndk-bundle/toolchains/llvm/prebuilt/linux-x86_64/lib64/clang/7.0.2/lib/linux/aarch64;/home/vinayak/Android/Sdk/ndk-bundle/toolchains/aarch64-linux-android-4.9/prebuilt/linux-x86_64/lib/gcc/aarch64-linux-android/4.9.x;/home/vinayak/Android/Sdk/ndk-bundle/toolchains/aarch64-linux-android-4.9/prebuilt/linux-x86_64/aarch64-linux-android/lib64;/home/vinayak/Android/Sdk/ndk-bundle/toolchains/aarch64-linux-android-4.9/prebuilt/linux-x86_64/aarch64-linux-android/lib;/home/vinayak/Android/Sdk/ndk-bundle/platforms/android-23/arch-arm64/usr/lib]
  implicit fwks: []




Detecting CXX [-std=c++1z] compiler features compiled with the following output:
Change Dir: /home/vinayak/AndroidStudioProjects/InstituteAdmin/app/.externalNativeBuild/cmake/debug/arm64-v8a/CMakeFiles/CMakeTmp

Run Build Command:"/home/vinayak/Android/Sdk/cmake/3.10.2.4988404/bin/ninja" "cmTC_86cb2"
[1/2] Building CXX object CMakeFiles/cmTC_86cb2.dir/feature_tests.cxx.o
[2/2] Linking CXX executable cmTC_86cb2


    Feature record: CXX_FEATURE:1cxx_aggregate_default_initializers
    Feature record: CXX_FEATURE:1cxx_alias_templates
    Feature record: CXX_FEATURE:1cxx_alignas
    Feature record: CXX_FEATURE:1cxx_alignof
    Feature record: CXX_FEATURE:1cxx_attributes
    Feature record: CXX_FEATURE:1cxx_attribute_deprecated
    Feature record: CXX_FEATURE:1cxx_auto_type
    Feature record: CXX_FEATURE:1cxx_binary_literals
    Feature record: CXX_FEATURE:1cxx_constexpr
    Feature record: CXX_FEATURE:1cxx_contextual_conversions
    Feature record: CXX_FEATURE:1cxx_decltype
    Feature record: CXX_FEATURE:1cxx_decltype_auto
    Feature record: CXX_FEATURE:1cxx_decltype_incomplete_return_types
    Feature record: CXX_FEATURE:1cxx_default_function_template_args
    Feature record: CXX_FEATURE:1cxx_defaulted_functions
    Feature record: CXX_FEATURE:1cxx_defaulted_move_initializers
    Feature record: CXX_FEATURE:1cxx_delegating_constructors
    Feature record: CXX_FEATURE:1cxx_deleted_functions
    Feature record: CXX_FEATURE:1cxx_digit_separators
    Feature record: CXX_FEATURE:1cxx_enum_forward_declarations
    Feature record: CXX_FEATURE:1cxx_explicit_conversions
    Feature record: CXX_FEATURE:1cxx_extended_friend_declarations
    Feature record: CXX_FEATURE:1cxx_extern_templates
    Feature record: CXX_FEATURE:1cxx_final
    Feature record: CXX_FEATURE:1cxx_func_identifier
    Feature record: CXX_FEATURE:1cxx_generalized_initializers
    Feature record: CXX_FEATURE:1cxx_generic_lambdas
    Feature record: CXX_FEATURE:1cxx_inheriting_constructors
    Feature record: CXX_FEATURE:1cxx_inline_namespaces
    Feature record: CXX_FEATURE:1cxx_lambdas
    Feature record: CXX_FEATURE:1cxx_lambda_init_captures
    Feature record: CXX_FEATURE:1cxx_local_type_template_args
    Feature record: CXX_FEATURE:1cxx_long_long_type
    Feature record: CXX_FEATURE:1cxx_noexcept
    Feature record: CXX_FEATURE:1cxx_nonstatic_member_init
    Feature record: CXX_FEATURE:1cxx_nullptr
    Feature record: CXX_FEATURE:1cxx_override
    Feature record: CXX_FEATURE:1cxx_range_for
    Feature record: CXX_FEATURE:1cxx_raw_string_literals
    Feature record: CXX_FEATURE:1cxx_reference_qualified_functions
    Feature record: CXX_FEATURE:1cxx_relaxed_constexpr
    Feature record: CXX_FEATURE:1cxx_return_type_deduction
    Feature record: CXX_FEATURE:1cxx_right_angle_brackets
    Feature record: CXX_FEATURE:1cxx_rvalue_references
    Feature record: CXX_FEATURE:1cxx_sizeof_member
    Feature record: CXX_FEATURE:1cxx_static_assert
    Feature record: CXX_FEATURE:1cxx_strong_enums
    Feature record: CXX_FEATURE:1cxx_template_template_parameters
    Feature record: CXX_FEATURE:1cxx_thread_local
    Feature record: CXX_FEATURE:1cxx_trailing_return_types
    Feature record: CXX_FEATURE:1cxx_unicode_literals
    Feature record: CXX_FEATURE:1cxx_uniform_initialization
    Feature record: CXX_FEATURE:1cxx_unrestricted_unions
    Feature record: CXX_FEATURE:1cxx_user_literals
    Feature record: CXX_FEATURE:1cxx_variable_templates
    Feature record: CXX_FEATURE:1cxx_variadic_macros
    Feature record: CXX_FEATURE:1cxx_variadic_templates


Detecting CXX [-std=c++14] compiler features compiled with the following output:
Change Dir: /home/vinayak/AndroidStudioProjects/InstituteAdmin/app/.externalNativeBuild/cmake/debug/arm64-v8a/CMakeFiles/CMakeTmp

Run Build Command:"/home/vinayak/Android/Sdk/cmake/3.10.2.4988404/bin/ninja" "cmTC_12fd1"
[1/2] Building CXX object CMakeFiles/cmTC_12fd1.dir/feature_tests.cxx.o
[2/2] Linking CXX executable cmTC_12fd1


    Feature record: CXX_FEATURE:1cxx_aggregate_default_initializers
    Feature record: CXX_FEATURE:1cxx_alias_templates
    Feature record: CXX_FEATURE:1cxx_alignas
    Feature record: CXX_FEATURE:1cxx_alignof
    Feature record: CXX_FEATURE:1cxx_attributes
    Feature record: CXX_FEATURE:1cxx_attribute_deprecated
    Feature record: CXX_FEATURE:1cxx_auto_type
    Feature record: CXX_FEATURE:1cxx_binary_literals
    Feature record: CXX_FEATURE:1cxx_constexpr
    Feature record: CXX_FEATURE:1cxx_contextual_conversions
    Feature record: CXX_FEATURE:1cxx_decltype
    Feature record: CXX_FEATURE:1cxx_decltype_auto
    Feature record: CXX_FEATURE:1cxx_decltype_incomplete_return_types
    Feature record: CXX_FEATURE:1cxx_default_function_template_args
    Feature record: CXX_FEATURE:1cxx_defaulted_functions
    Feature record: CXX_FEATURE:1cxx_defaulted_move_initializers
    Feature record: CXX_FEATURE:1cxx_delegating_constructors
    Feature record: CXX_FEATURE:1cxx_deleted_functions
    Feature record: CXX_FEATURE:1cxx_digit_separators
    Feature record: CXX_FEATURE:1cxx_enum_forward_declarations
    Feature record: CXX_FEATURE:1cxx_explicit_conversions
    Feature record: CXX_FEATURE:1cxx_extended_friend_declarations
    Feature record: CXX_FEATURE:1cxx_extern_templates
    Feature record: CXX_FEATURE:1cxx_final
    Feature record: CXX_FEATURE:1cxx_func_identifier
    Feature record: CXX_FEATURE:1cxx_generalized_initializers
    Feature record: CXX_FEATURE:1cxx_generic_lambdas
    Feature record: CXX_FEATURE:1cxx_inheriting_constructors
    Feature record: CXX_FEATURE:1cxx_inline_namespaces
    Feature record: CXX_FEATURE:1cxx_lambdas
    Feature record: CXX_FEATURE:1cxx_lambda_init_captures
    Feature record: CXX_FEATURE:1cxx_local_type_template_args
    Feature record: CXX_FEATURE:1cxx_long_long_type
    Feature record: CXX_FEATURE:1cxx_noexcept
    Feature record: CXX_FEATURE:1cxx_nonstatic_member_init
    Feature record: CXX_FEATURE:1cxx_nullptr
    Feature record: CXX_FEATURE:1cxx_override
    Feature record: CXX_FEATURE:1cxx_range_for
    Feature record: CXX_FEATURE:1cxx_raw_string_literals
    Feature record: CXX_FEATURE:1cxx_reference_qualified_functions
    Feature record: CXX_FEATURE:1cxx_relaxed_constexpr
    Feature record: CXX_FEATURE:1cxx_return_type_deduction
    Feature record: CXX_FEATURE:1cxx_right_angle_brackets
    Feature record: CXX_FEATURE:1cxx_rvalue_references
    Feature record: CXX_FEATURE:1cxx_sizeof_member
    Feature record: CXX_FEATURE:1cxx_static_assert
    Feature record: CXX_FEATURE:1cxx_strong_enums
    Feature record: CXX_FEATURE:1cxx_template_template_parameters
    Feature record: CXX_FEATURE:1cxx_thread_local
    Feature record: CXX_FEATURE:1cxx_trailing_return_types
    Feature record: CXX_FEATURE:1cxx_unicode_literals
    Feature record: CXX_FEATURE:1cxx_uniform_initialization
    Feature record: CXX_FEATURE:1cxx_unrestricted_unions
    Feature record: CXX_FEATURE:1cxx_user_literals
    Feature record: CXX_FEATURE:1cxx_variable_templates
    Feature record: CXX_FEATURE:1cxx_variadic_macros
    Feature record: CXX_FEATURE:1cxx_variadic_templates


Detecting CXX [-std=c++11] compiler features compiled with the following output:
Change Dir: /home/vinayak/AndroidStudioProjects/InstituteAdmin/app/.externalNativeBuild/cmake/debug/arm64-v8a/CMakeFiles/CMakeTmp

Run Build Command:"/home/vinayak/Android/Sdk/cmake/3.10.2.4988404/bin/ninja" "cmTC_3b184"
[1/2] Building CXX object CMakeFiles/cmTC_3b184.dir/feature_tests.cxx.o
[2/2] Linking CXX executable cmTC_3b184


    Feature record: CXX_FEATURE:0cxx_aggregate_default_initializers
    Feature record: CXX_FEATURE:1cxx_alias_templates
    Feature record: CXX_FEATURE:1cxx_alignas
    Feature record: CXX_FEATURE:1cxx_alignof
    Feature record: CXX_FEATURE:1cxx_attributes
    Feature record: CXX_FEATURE:0cxx_attribute_deprecated
    Feature record: CXX_FEATURE:1cxx_auto_type
    Feature record: CXX_FEATURE:0cxx_binary_literals
    Feature record: CXX_FEATURE:1cxx_constexpr
    Feature record: CXX_FEATURE:0cxx_contextual_conversions
    Feature record: CXX_FEATURE:1cxx_decltype
    Feature record: CXX_FEATURE:0cxx_decltype_auto
    Feature record: CXX_FEATURE:1cxx_decltype_incomplete_return_types
    Feature record: CXX_FEATURE:1cxx_default_function_template_args
    Feature record: CXX_FEATURE:1cxx_defaulted_functions
    Feature record: CXX_FEATURE:1cxx_defaulted_move_initializers
    Feature record: CXX_FEATURE:1cxx_delegating_constructors
    Feature record: CXX_FEATURE:1cxx_deleted_functions
    Feature record: CXX_FEATURE:0cxx_digit_separators
    Feature record: CXX_FEATURE:1cxx_enum_forward_declarations
    Feature record: CXX_FEATURE:1cxx_explicit_conversions
    Feature record: CXX_FEATURE:1cxx_extended_friend_declarations
    Feature record: CXX_FEATURE:1cxx_extern_templates
    Feature record: CXX_FEATURE:1cxx_final
    Feature record: CXX_FEATURE:1cxx_func_identifier
    Feature record: CXX_FEATURE:1cxx_generalized_initializers
    Feature record: CXX_FEATURE:0cxx_generic_lambdas
    Feature record: CXX_FEATURE:1cxx_inheriting_constructors
    Feature record: CXX_FEATURE:1cxx_inline_namespaces
    Feature record: CXX_FEATURE:1cxx_lambdas
    Feature record: CXX_FEATURE:0cxx_lambda_init_captures
    Feature record: CXX_FEATURE:1cxx_local_type_template_args
    Feature record: CXX_FEATURE:1cxx_long_long_type
    Feature record: CXX_FEATURE:1cxx_noexcept
    Feature record: CXX_FEATURE:1cxx_nonstatic_member_init
    Feature record: CXX_FEATURE:1cxx_nullptr
    Feature record: CXX_FEATURE:1cxx_override
    Feature record: CXX_FEATURE:1cxx_range_for
    Feature record: CXX_FEATURE:1cxx_raw_string_literals
    Feature record: CXX_FEATURE:1cxx_reference_qualified_functions
    Feature record: CXX_FEATURE:0cxx_relaxed_constexpr
    Feature record: CXX_FEATURE:0cxx_return_type_deduction
    Feature record: CXX_FEATURE:1cxx_right_angle_brackets
    Feature record: CXX_FEATURE:1cxx_rvalue_references
    Feature record: CXX_FEATURE:1cxx_sizeof_member
    Feature record: CXX_FEATURE:1cxx_static_assert
    Feature record: CXX_FEATURE:1cxx_strong_enums
    Feature record: CXX_FEATURE:1cxx_template_template_parameters
    Feature record: CXX_FEATURE:1cxx_thread_local
    Feature record: CXX_FEATURE:1cxx_trailing_return_types
    Feature record: CXX_FEATURE:1cxx_unicode_literals
    Feature record: CXX_FEATURE:1cxx_uniform_initialization
    Feature record: CXX_FEATURE:1cxx_unrestricted_unions
    Feature record: CXX_FEATURE:1cxx_user_literals
    Feature record: CXX_FEATURE:0cxx_variable_templates
    Feature record: CXX_FEATURE:1cxx_variadic_macros
    Feature record: CXX_FEATURE:1cxx_variadic_templates


Detecting CXX [-std=c++98] compiler features compiled with the following output:
Change Dir: /home/vinayak/AndroidStudioProjects/InstituteAdmin/app/.externalNativeBuild/cmake/debug/arm64-v8a/CMakeFiles/CMakeTmp

Run Build Command:"/home/vinayak/Android/Sdk/cmake/3.10.2.4988404/bin/ninja" "cmTC_97406"
[1/2] Building CXX object CMakeFiles/cmTC_97406.dir/feature_tests.cxx.o
[2/2] Linking CXX executable cmTC_97406


    Feature record: CXX_FEATURE:0cxx_aggregate_default_initializers
    Feature record: CXX_FEATURE:0cxx_alias_templates
    Feature record: CXX_FEATURE:0cxx_alignas
    Feature record: CXX_FEATURE:0cxx_alignof
    Feature record: CXX_FEATURE:0cxx_attributes
    Feature record: CXX_FEATURE:0cxx_attribute_deprecated
    Feature record: CXX_FEATURE:0cxx_auto_type
    Feature record: CXX_FEATURE:0cxx_binary_literals
    Feature record: CXX_FEATURE:0cxx_constexpr
    Feature record: CXX_FEATURE:0cxx_contextual_conversions
    Feature record: CXX_FEATURE:0cxx_decltype
    Feature record: CXX_FEATURE:0cxx_decltype_auto
    Feature record: CXX_FEATURE:0cxx_decltype_incomplete_return_types
    Feature record: CXX_FEATURE:0cxx_default_function_template_args
    Feature record: CXX_FEATURE:0cxx_defaulted_functions
    Feature record: CXX_FEATURE:0cxx_defaulted_move_initializers
    Feature record: CXX_FEATURE:0cxx_delegating_constructors
    Feature record: CXX_FEATURE:0cxx_deleted_functions
    Feature record: CXX_FEATURE:0cxx_digit_separators
    Feature record: CXX_FEATURE:0cxx_enum_forward_declarations
    Feature record: CXX_FEATURE:0cxx_explicit_conversions
    Feature record: CXX_FEATURE:0cxx_extended_friend_declarations
    Feature record: CXX_FEATURE:0cxx_extern_templates
    Feature record: CXX_FEATURE:0cxx_final
    Feature record: CXX_FEATURE:0cxx_func_identifier
    Feature record: CXX_FEATURE:0cxx_generalized_initializers
    Feature record: CXX_FEATURE:0cxx_generic_lambdas
    Feature record: CXX_FEATURE:0cxx_inheriting_constructors
    Feature record: CXX_FEATURE:0cxx_inline_namespaces
    Feature record: CXX_FEATURE:0cxx_lambdas
    Feature record: CXX_FEATURE:0cxx_lambda_init_captures
    Feature record: CXX_FEATURE:0cxx_local_type_template_args
    Feature record: CXX_FEATURE:0cxx_long_long_type
    Feature record: CXX_FEATURE:0cxx_noexcept
    Feature record: CXX_FEATURE:0cxx_nonstatic_member_init
    Feature record: CXX_FEATURE:0cxx_nullptr
    Feature record: CXX_FEATURE:0cxx_override
    Feature record: CXX_FEATURE:0cxx_range_for
    Feature record: CXX_FEATURE:0cxx_raw_string_literals
    Feature record: CXX_FEATURE:0cxx_reference_qualified_functions
    Feature record: CXX_FEATURE:0cxx_relaxed_constexpr
    Feature record: CXX_FEATURE:0cxx_return_type_deduction
    Feature record: CXX_FEATURE:0cxx_right_angle_brackets
    Feature record: CXX_FEATURE:0cxx_rvalue_references
    Feature record: CXX_FEATURE:0cxx_sizeof_member
    Feature record: CXX_FEATURE:0cxx_static_assert
    Feature record: CXX_FEATURE:0cxx_strong_enums
    Feature record: CXX_FEATURE:1cxx_template_template_parameters
    Feature record: CXX_FEATURE:0cxx_thread_local
    Feature record: CXX_FEATURE:0cxx_trailing_return_types
    Feature record: CXX_FEATURE:0cxx_unicode_literals
    Feature record: CXX_FEATURE:0cxx_uniform_initialization
    Feature record: CXX_FEATURE:0cxx_unrestricted_unions
    Feature record: CXX_FEATURE:0cxx_user_literals
    Feature record: CXX_FEATURE:0cxx_variable_templates
    Feature record: CXX_FEATURE:0cxx_variadic_macros
    Feature record: CXX_FEATURE:0cxx_variadic_templates
